<?xml version="1.0" encoding="UTF-8"?>
<!-- Generated by org.testng.reporters.JUnitReportReporter -->
<testsuite skipped="0" hostname="IN1-1016845LT" name="org.testing.TestScripts.TC5_DeleteRequest" tests="1" failures="0" timestamp="2022-06-09T19:07:21 IST" time="0.047" errors="0">
  <testcase name="testcase5" time="0.047" classname="org.testing.TestScripts.TC5_DeleteRequest"/>
  <system-out/>
</testsuite> <!-- org.testing.TestScripts.TC5_DeleteRequest -->
