<?xml version="1.0" encoding="UTF-8"?>
<!-- Generated by org.testng.reporters.JUnitReportReporter -->
<testsuite skipped="0" hostname="IN1-1016845LT" name="org.testing.TestScripts.TC4_PutRequest" tests="1" failures="0" timestamp="2022-06-09T19:07:21 IST" time="0.035" errors="0">
  <testcase name="testcase4" time="0.035" classname="org.testing.TestScripts.TC4_PutRequest"/>
  <system-out/>
</testsuite> <!-- org.testing.TestScripts.TC4_PutRequest -->
